<?xml version="1.0" encoding="UTF-8" standalone="yes"?><!DOCTYPE report PUBLIC "-//JACOCO//DTD Report 1.1//EN" "report.dtd"><report name="untitled"><sessioninfo id="DESKTOP-54AAPCJ-d671b38" start="1759584372597" dump="1759584374176"/><sessioninfo id="DESKTOP-54AAPCJ-24bb425a" start="1759584605616" dump="1759584607224"/><sessioninfo id="DESKTOP-54AAPCJ-b29af4d9" start="1759585863113" dump="1759585864672"/><sessioninfo id="DESKTOP-54AAPCJ-b5989f14" start="1759586202352" dump="1759586203890"/><sessioninfo id="DESKTOP-54AAPCJ-6923ab2c" start="1759586478648" dump="1759586480395"/><sessioninfo id="DESKTOP-54AAPCJ-182bf78f" start="1759587488685" dump="1759587490264"/><sessioninfo id="DESKTOP-54AAPCJ-1b8db836" start="1759587718241" dump="1759587720192"/><sessioninfo id="DESKTOP-54AAPCJ-7f35cf75" start="1759588067035" dump="1759588068724"/><sessioninfo id="DESKTOP-54AAPCJ-929deee3" start="1759588440336" dump="1759588442370"/><sessioninfo id="DESKTOP-54AAPCJ-29a2e6c9" start="1759588499337" dump="1759588501309"/><sessioninfo id="DESKTOP-54AAPCJ-786080a3" start="1759588780521" dump="1759588782428"/><sessioninfo id="DESKTOP-54AAPCJ-548e036d" start="1759588824803" dump="1759588826809"/><sessioninfo id="DESKTOP-54AAPCJ-5162ada1" start="1759588986707" dump="1759588988304"/><sessioninfo id="DESKTOP-54AAPCJ-8530265f" start="1759589179941" dump="1759589181955"/><sessioninfo id="DESKTOP-54AAPCJ-f5188b28" start="1759589354552" dump="1759589356319"/><sessioninfo id="DESKTOP-54AAPCJ-42be567d" start="1759591650488" dump="1759591652166"/><sessioninfo id="DESKTOP-54AAPCJ-c25a8eaf" start="1759592444159" dump="1759592446000"/><sessioninfo id="DESKTOP-54AAPCJ-7a7103c2" start="1759593911117" dump="1759593913339"/><sessioninfo id="DESKTOP-54AAPCJ-689bcb2c" start="1759594145671" dump="1759594148158"/><sessioninfo id="DESKTOP-54AAPCJ-fbc8b941" start="1759594261510" dump="1759594263312"/><sessioninfo id="DESKTOP-54AAPCJ-845a2014" start="1759594339433" dump="1759594340993"/><sessioninfo id="DESKTOP-54AAPCJ-b88d2d06" start="1759594551524" dump="1759594553549"/><sessioninfo id="DESKTOP-54AAPCJ-dc8d89f8" start="1759594690627" dump="1759594692567"/><sessioninfo id="DESKTOP-54AAPCJ-dd8f94c" start="1759594777930" dump="1759594779556"/><sessioninfo id="DESKTOP-54AAPCJ-67dac1f3" start="1759594903451" dump="1759594905236"/><sessioninfo id="DESKTOP-54AAPCJ-a41cc3aa" start="1759595024565" dump="1759595026235"/><sessioninfo id="DESKTOP-54AAPCJ-fd84ff33" start="1759595168392" dump="1759595170011"/><sessioninfo id="DESKTOP-54AAPCJ-fd3ce473" start="1759596003979" dump="1759596005876"/><sessioninfo id="DESKTOP-54AAPCJ-285412cd" start="1759596429068" dump="1759596430869"/><sessioninfo id="DESKTOP-54AAPCJ-1993e2a7" start="1759596580095" dump="1759596582043"/><sessioninfo id="DESKTOP-54AAPCJ-a96a589a" start="1759597045275" dump="1759597047073"/><sessioninfo id="DESKTOP-54AAPCJ-2e503235" start="1759597409881" dump="1759597411743"/><sessioninfo id="DESKTOP-54AAPCJ-c10ec266" start="1759597601660" dump="1759597603289"/><sessioninfo id="DESKTOP-54AAPCJ-31a81c95" start="1759598232569" dump="1759598234505"/><package name="com/example"><class name="com/example/Feline" sourcefilename="Feline.java"><method name="&lt;init&gt;" desc="()V" line="5"><counter type="INSTRUCTION" missed="0" covered="3"/><counter type="LINE" missed="0" covered="1"/><counter type="COMPLEXITY" missed="0" covered="1"/><counter type="METHOD" missed="0" covered="1"/></method><method name="eatMeat" desc="()Ljava/util/List;" line="9"><counter type="INSTRUCTION" missed="0" covered="4"/><counter type="LINE" missed="0" covered="1"/><counter type="COMPLEXITY" missed="0" covered="1"/><counter type="METHOD" missed="0" covered="1"/></method><method name="getFamily" desc="()Ljava/lang/String;" line="14"><counter type="INSTRUCTION" missed="0" covered="2"/><counter type="LINE" missed="0" covered="1"/><counter type="COMPLEXITY" missed="0" covered="1"/><counter type="METHOD" missed="0" covered="1"/></method><method name="getKittens" desc="()I" line="18"><counter type="INSTRUCTION" missed="0" covered="4"/><counter type="LINE" missed="0" covered="1"/><counter type="COMPLEXITY" missed="0" covered="1"/><counter type="METHOD" missed="0" covered="1"/></method><method name="getKittens" desc="(I)I" line="22"><counter type="INSTRUCTION" missed="0" covered="2"/><counter type="LINE" missed="0" covered="1"/><counter type="COMPLEXITY" missed="0" covered="1"/><counter type="METHOD" missed="0" covered="1"/></method><counter type="INSTRUCTION" missed="0" covered="15"/><counter type="LINE" missed="0" covered="5"/><counter type="COMPLEXITY" missed="0" covered="5"/><counter type="METHOD" missed="0" covered="5"/><counter type="CLASS" missed="0" covered="1"/></class><class name="com/example/Animal" sourcefilename="Animal.java"><method name="&lt;init&gt;" desc="()V" line="5"><counter type="INSTRUCTION" missed="0" covered="3"/><counter type="LINE" missed="0" covered="1"/><counter type="COMPLEXITY" missed="0" covered="1"/><counter type="METHOD" missed="0" covered="1"/></method><method name="getFood" desc="(Ljava/lang/String;)Ljava/util/List;" line="8"><counter type="INSTRUCTION" missed="4" covered="18"/><counter type="BRANCH" missed="1" covered="3"/><counter type="LINE" missed="1" covered="4"/><counter type="COMPLEXITY" missed="1" covered="2"/><counter type="METHOD" missed="0" covered="1"/></method><method name="getFamily" desc="()Ljava/lang/String;" line="18"><counter type="INSTRUCTION" missed="2" covered="0"/><counter type="LINE" missed="1" covered="0"/><counter type="COMPLEXITY" missed="1" covered="0"/><counter type="METHOD" missed="1" covered="0"/></method><counter type="INSTRUCTION" missed="6" covered="21"/><counter type="BRANCH" missed="1" covered="3"/><counter type="LINE" missed="2" covered="5"/><counter type="COMPLEXITY" missed="2" covered="3"/><counter type="METHOD" missed="1" covered="2"/><counter type="CLASS" missed="0" covered="1"/></class><class name="com/example/Lion" sourcefilename="Lion.java"><method name="&lt;init&gt;" desc="(Ljava/lang/String;Lcom/example/Feline;)V" line="10"><counter type="INSTRUCTION" missed="0" covered="27"/><counter type="BRANCH" missed="0" covered="4"/><counter type="LINE" missed="0" covered="8"/><counter type="COMPLEXITY" missed="0" covered="3"/><counter type="METHOD" missed="0" covered="1"/></method><method name="getKittens" desc="()I" line="22"><counter type="INSTRUCTION" missed="0" covered="4"/><counter type="LINE" missed="0" covered="1"/><counter type="COMPLEXITY" missed="0" covered="1"/><counter type="METHOD" missed="0" covered="1"/></method><method name="doesHaveMane" desc="()Z" line="26"><counter type="INSTRUCTION" missed="0" covered="3"/><counter type="LINE" missed="0" covered="1"/><counter type="COMPLEXITY" missed="0" covered="1"/><counter type="METHOD" missed="0" covered="1"/></method><method name="getFood" desc="()Ljava/util/List;" line="30"><counter type="INSTRUCTION" missed="0" covered="5"/><counter type="LINE" missed="0" covered="1"/><counter type="COMPLEXITY" missed="0" covered="1"/><counter type="METHOD" missed="0" covered="1"/></method><counter type="INSTRUCTION" missed="0" covered="39"/><counter type="BRANCH" missed="0" covered="4"/><counter type="LINE" missed="0" covered="11"/><counter type="COMPLEXITY" missed="0" covered="6"/><counter type="METHOD" missed="0" covered="4"/><counter type="CLASS" missed="0" covered="1"/></class><class name="com/example/Predator" sourcefilename="Predator.java"/><class name="com/example/Cat" sourcefilename="Cat.java"><method name="&lt;init&gt;" desc="(Lcom/example/Feline;)V" line="9"><counter type="INSTRUCTION" missed="0" covered="6"/><counter type="LINE" missed="0" covered="3"/><counter type="COMPLEXITY" missed="0" covered="1"/><counter type="METHOD" missed="0" covered="1"/></method><method name="getSound" desc="()Ljava/lang/String;" line="14"><counter type="INSTRUCTION" missed="0" covered="2"/><counter type="LINE" missed="0" covered="1"/><counter type="COMPLEXITY" missed="0" covered="1"/><counter type="METHOD" missed="0" covered="1"/></method><method name="getFood" desc="()Ljava/util/List;" line="18"><counter type="INSTRUCTION" missed="0" covered="4"/><counter type="LINE" missed="0" covered="1"/><counter type="COMPLEXITY" missed="0" covered="1"/><counter type="METHOD" missed="0" covered="1"/></method><counter type="INSTRUCTION" missed="0" covered="12"/><counter type="LINE" missed="0" covered="5"/><counter type="COMPLEXITY" missed="0" covered="3"/><counter type="METHOD" missed="0" covered="3"/><counter type="CLASS" missed="0" covered="1"/></class><sourcefile name="Lion.java"><line nr="10" mi="0" ci="2" mb="0" cb="0"/><line nr="11" mi="0" ci="3" mb="0" cb="0"/><line nr="12" mi="0" ci="4" mb="0" cb="2"/><line nr="13" mi="0" ci="4" mb="0" cb="0"/><line nr="14" mi="0" ci="4" mb="0" cb="2"/><line nr="15" mi="0" ci="4" mb="0" cb="0"/><line nr="17" mi="0" ci="5" mb="0" cb="0"/><line nr="19" mi="0" ci="1" mb="0" cb="0"/><line nr="22" mi="0" ci="4" mb="0" cb="0"/><line nr="26" mi="0" ci="3" mb="0" cb="0"/><line nr="30" mi="0" ci="5" mb="0" cb="0"/><counter type="INSTRUCTION" missed="0" covered="39"/><counter type="BRANCH" missed="0" covered="4"/><counter type="LINE" missed="0" covered="11"/><counter type="COMPLEXITY" missed="0" covered="6"/><counter type="METHOD" missed="0" covered="4"/><counter type="CLASS" missed="0" covered="1"/></sourcefile><sourcefile name="Predator.java"/><sourcefile name="Animal.java"><line nr="5" mi="0" ci="3" mb="0" cb="0"/><line nr="8" mi="0" ci="4" mb="1" cb="1"/><line nr="9" mi="4" ci="0" mb="0" cb="0"/><line nr="10" mi="0" ci="4" mb="0" cb="2"/><line nr="11" mi="0" ci="5" mb="0" cb="0"/><line nr="13" mi="0" ci="5" mb="0" cb="0"/><line nr="18" mi="2" ci="0" mb="0" cb="0"/><counter type="INSTRUCTION" missed="6" covered="21"/><counter type="BRANCH" missed="1" covered="3"/><counter type="LINE" missed="2" covered="5"/><counter type="COMPLEXITY" missed="2" covered="3"/><counter type="METHOD" missed="1" covered="2"/><counter type="CLASS" missed="0" covered="1"/></sourcefile><sourcefile name="Feline.java"><line nr="5" mi="0" ci="3" mb="0" cb="0"/><line nr="9" mi="0" ci="4" mb="0" cb="0"/><line nr="14" mi="0" ci="2" mb="0" cb="0"/><line nr="18" mi="0" ci="4" mb="0" cb="0"/><line nr="22" mi="0" ci="2" mb="0" cb="0"/><counter type="INSTRUCTION" missed="0" covered="15"/><counter type="LINE" missed="0" covered="5"/><counter type="COMPLEXITY" missed="0" covered="5"/><counter type="METHOD" missed="0" covered="5"/><counter type="CLASS" missed="0" covered="1"/></sourcefile><sourcefile name="Cat.java"><line nr="9" mi="0" ci="2" mb="0" cb="0"/><line nr="10" mi="0" ci="3" mb="0" cb="0"/><line nr="11" mi="0" ci="1" mb="0" cb="0"/><line nr="14" mi="0" ci="2" mb="0" cb="0"/><line nr="18" mi="0" ci="4" mb="0" cb="0"/><counter type="INSTRUCTION" missed="0" covered="12"/><counter type="LINE" missed="0" covered="5"/><counter type="COMPLEXITY" missed="0" covered="3"/><counter type="METHOD" missed="0" covered="3"/><counter type="CLASS" missed="0" covered="1"/></sourcefile><counter type="INSTRUCTION" missed="6" covered="87"/><counter type="BRANCH" missed="1" covered="7"/><counter type="LINE" missed="2" covered="26"/><counter type="COMPLEXITY" missed="2" covered="17"/><counter type="METHOD" missed="1" covered="14"/><counter type="CLASS" missed="0" covered="4"/></package><counter type="INSTRUCTION" missed="6" covered="87"/><counter type="BRANCH" missed="1" covered="7"/><counter type="LINE" missed="2" covered="26"/><counter type="COMPLEXITY" missed="2" covered="17"/><counter type="METHOD" missed="1" covered="14"/><counter type="CLASS" missed="0" covered="4"/></report>